c:\users\йцуке\desktop\clo_sdk_v3_2_2_for_6_2_468_or_later\api_sdk_package\cloapiinterface\samples\librarywindowimplementation\x64\release\clolibraryapi_plugin.pch
c:\users\йцуке\desktop\clo_sdk_v3_2_2_for_6_2_468_or_later\api_sdk_package\cloapiinterface\samples\librarywindowimplementation\x64\release\stdafx.obj
c:\users\йцуке\desktop\clo_sdk_v3_2_2_for_6_2_468_or_later\api_sdk_package\cloapiinterface\samples\librarywindowimplementation\x64\release\apisearchdialogsample.obj
c:\users\йцуке\desktop\clo_sdk_v3_2_2_for_6_2_468_or_later\api_sdk_package\cloapiinterface\samples\librarywindowimplementation\x64\release\apistorage.obj
c:\users\йцуке\desktop\clo_sdk_v3_2_2_for_6_2_468_or_later\api_sdk_package\cloapiinterface\samples\librarywindowimplementation\x64\release\dllmain.obj
c:\users\йцуке\desktop\clo_sdk_v3_2_2_for_6_2_468_or_later\api_sdk_package\cloapiinterface\samples\librarywindowimplementation\x64\release\moc_apisearchdialogsample.obj
c:\users\йцуке\desktop\clo_sdk_v3_2_2_for_6_2_468_or_later\api_sdk_package\cloapiinterface\samples\librarywindowimplementation\x64\release\moc_plmsettingssample.obj
c:\users\йцуке\desktop\clo_sdk_v3_2_2_for_6_2_468_or_later\api_sdk_package\cloapiinterface\samples\librarywindowimplementation\x64\release\qrc_cloformat.obj
c:\users\йцуке\desktop\clo_sdk_v3_2_2_for_6_2_468_or_later\api_sdk_package\cloapiinterface\samples\librarywindowimplementation\x64\release\librarywindowimplplugin.obj
c:\users\йцуке\desktop\clo_sdk_v3_2_2_for_6_2_468_or_later\api_sdk_package\cloapiinterface\samples\librarywindowimplementation\x64\release\apisignindialogsample.obj
c:\users\йцуке\desktop\clo_sdk_v3_2_2_for_6_2_468_or_later\api_sdk_package\cloapiinterface\samples\librarywindowimplementation\x64\release\apiutility.obj
c:\users\йцуке\desktop\clo_sdk_v3_2_2_for_6_2_468_or_later\api_sdk_package\cloapiinterface\samples\librarywindowimplementation\x64\release\plmsettingdatasample.obj
c:\users\йцуке\desktop\clo_sdk_v3_2_2_for_6_2_468_or_later\api_sdk_package\cloapiinterface\samples\librarywindowimplementation\x64\release\plmsettingssample.obj
c:\users\йцуке\desktop\clo_sdk_v3_2_2_for_6_2_468_or_later\api_sdk_package\cloapiinterface\samples\librarywindowimplementation\x64\release\moc_apisignindialogsample.obj
c:\users\йцуке\desktop\clo_sdk_v3_2_2_for_6_2_468_or_later\api_sdk_package\cloapiinterface\samples\librarywindowimplementation\x64\release\qt3.obj
c:\users\йцуке\desktop\clo_sdk_v3_2_2_for_6_2_468_or_later\api_sdk_package\cloapiinterface\samples\librarywindowimplementation\x64\release\moc_qt3.obj
c:\users\йцуке\desktop\clo_sdk_v3_2_2_for_6_2_468_or_later\api_sdk_package\cloapiinterface\samples\librarywindowimplementation\generatedfiles\ui_apisignindialogsample.h
c:\users\йцуке\desktop\clo_sdk_v3_2_2_for_6_2_468_or_later\api_sdk_package\cloapiinterface\samples\librarywindowimplementation\generatedfiles\ui_apisearchdialogsample.h
c:\users\йцуке\desktop\clo_sdk_v3_2_2_for_6_2_468_or_later\api_sdk_package\cloapiinterface\samples\librarywindowimplementation\generatedfiles\ui_plmsettingssample.h
c:\users\йцуке\desktop\clo_sdk_v3_2_2_for_6_2_468_or_later\api_sdk_package\cloapiinterface\samples\librarywindowimplementation\generatedfiles\qrc_cloformat.cpp
c:\users\йцуке\desktop\clo_sdk_v3_2_2_for_6_2_468_or_later\api_sdk_package\cloapiinterface\samples\librarywindowimplementation\generatedfiles\moc_apisignindialogsample.cpp
c:\users\йцуке\desktop\clo_sdk_v3_2_2_for_6_2_468_or_later\api_sdk_package\cloapiinterface\samples\librarywindowimplementation\generatedfiles\moc_apisearchdialogsample.cpp
c:\users\йцуке\desktop\clo_sdk_v3_2_2_for_6_2_468_or_later\api_sdk_package\cloapiinterface\samples\librarywindowimplementation\generatedfiles\moc_plmsettingssample.cpp
c:\users\йцуке\desktop\clo_sdk_v3_2_2_for_6_2_468_or_later\api_sdk_package\cloapiinterface\samples\librarywindowimplementation\generatedfiles\moc_qt3.cpp
c:\users\йцуке\desktop\clo_sdk_v3_2_2_for_6_2_468_or_later\api_sdk_package\cloapiinterface\samples\librarywindowimplementation\x64\release\clolibraryapi_plugin.lib
c:\users\йцуке\desktop\clo_sdk_v3_2_2_for_6_2_468_or_later\api_sdk_package\cloapiinterface\samples\librarywindowimplementation\x64\release\clolibraryapi_plugin.exp
c:\users\йцуке\desktop\clo_sdk_v3_2_2_for_6_2_468_or_later\api_sdk_package\cloapiinterface\samples\librarywindowimplementation\x64\release\clolibraryapi_plugin.dll
c:\users\йцуке\desktop\clo_sdk_v3_2_2_for_6_2_468_or_later\api_sdk_package\cloapiinterface\samples\librarywindowimplementation\.\generatedfiles\moc_apisignindialogsample.cpp
c:\users\йцуке\desktop\clo_sdk_v3_2_2_for_6_2_468_or_later\api_sdk_package\cloapiinterface\samples\librarywindowimplementation\.\generatedfiles\moc_apisearchdialogsample.cpp
c:\users\йцуке\desktop\clo_sdk_v3_2_2_for_6_2_468_or_later\api_sdk_package\cloapiinterface\samples\librarywindowimplementation\.\generatedfiles\moc_plmsettingssample.cpp
c:\users\йцуке\desktop\clo_sdk_v3_2_2_for_6_2_468_or_later\api_sdk_package\cloapiinterface\samples\librarywindowimplementation\.\generatedfiles\moc_qt3.cpp
c:\users\йцуке\desktop\clo_sdk_v3_2_2_for_6_2_468_or_later\api_sdk_package\cloapiinterface\samples\librarywindowimplementation\.\generatedfiles\qrc_cloformat.cpp
c:\users\йцуке\desktop\clo_sdk_v3_2_2_for_6_2_468_or_later\api_sdk_package\cloapiinterface\samples\librarywindowimplementation\.\generatedfiles\ui_apisignindialogsample.h
c:\users\йцуке\desktop\clo_sdk_v3_2_2_for_6_2_468_or_later\api_sdk_package\cloapiinterface\samples\librarywindowimplementation\.\generatedfiles\ui_apisearchdialogsample.h
c:\users\йцуке\desktop\clo_sdk_v3_2_2_for_6_2_468_or_later\api_sdk_package\cloapiinterface\samples\librarywindowimplementation\.\generatedfiles\ui_plmsettingssample.h
c:\users\йцуке\desktop\clo_sdk_v3_2_2_for_6_2_468_or_later\api_sdk_package\cloapiinterface\samples\librarywindowimplementation\x64\release\libraryw.b12702ad.tlog\cl.command.1.tlog
c:\users\йцуке\desktop\clo_sdk_v3_2_2_for_6_2_468_or_later\api_sdk_package\cloapiinterface\samples\librarywindowimplementation\x64\release\libraryw.b12702ad.tlog\cl.read.1.tlog
c:\users\йцуке\desktop\clo_sdk_v3_2_2_for_6_2_468_or_later\api_sdk_package\cloapiinterface\samples\librarywindowimplementation\x64\release\libraryw.b12702ad.tlog\cl.write.1.tlog
c:\users\йцуке\desktop\clo_sdk_v3_2_2_for_6_2_468_or_later\api_sdk_package\cloapiinterface\samples\librarywindowimplementation\x64\release\libraryw.b12702ad.tlog\librarywindowimplementation.write.1u.tlog
c:\users\йцуке\desktop\clo_sdk_v3_2_2_for_6_2_468_or_later\api_sdk_package\cloapiinterface\samples\librarywindowimplementation\x64\release\libraryw.b12702ad.tlog\link.command.1.tlog
c:\users\йцуке\desktop\clo_sdk_v3_2_2_for_6_2_468_or_later\api_sdk_package\cloapiinterface\samples\librarywindowimplementation\x64\release\libraryw.b12702ad.tlog\link.read.1.tlog
c:\users\йцуке\desktop\clo_sdk_v3_2_2_for_6_2_468_or_later\api_sdk_package\cloapiinterface\samples\librarywindowimplementation\x64\release\libraryw.b12702ad.tlog\link.write.1.tlog
c:\users\йцуке\desktop\clo_sdk_v3_2_2_for_6_2_468_or_later\api_sdk_package\cloapiinterface\samples\librarywindowimplementation\x64\release\libraryw.b12702ad.tlog\moc.read.1u.tlog
c:\users\йцуке\desktop\clo_sdk_v3_2_2_for_6_2_468_or_later\api_sdk_package\cloapiinterface\samples\librarywindowimplementation\x64\release\libraryw.b12702ad.tlog\moc.write.1u.tlog
c:\users\йцуке\desktop\clo_sdk_v3_2_2_for_6_2_468_or_later\api_sdk_package\cloapiinterface\samples\librarywindowimplementation\x64\release\libraryw.b12702ad.tlog\rcc.read.1u.tlog
c:\users\йцуке\desktop\clo_sdk_v3_2_2_for_6_2_468_or_later\api_sdk_package\cloapiinterface\samples\librarywindowimplementation\x64\release\libraryw.b12702ad.tlog\rcc.write.1u.tlog
c:\users\йцуке\desktop\clo_sdk_v3_2_2_for_6_2_468_or_later\api_sdk_package\cloapiinterface\samples\librarywindowimplementation\x64\release\libraryw.b12702ad.tlog\uic.read.1u.tlog
c:\users\йцуке\desktop\clo_sdk_v3_2_2_for_6_2_468_or_later\api_sdk_package\cloapiinterface\samples\librarywindowimplementation\x64\release\libraryw.b12702ad.tlog\uic.write.1u.tlog
