c:\users\йцуке\desktop\clo_sdk_v3_2_2_for_6_2_468_or_later\api_sdk_package\cloapiinterface\samples\librarywindowimplementation\x64\debug\clolibraryapi_plugind.pch
c:\users\йцуке\desktop\clo_sdk_v3_2_2_for_6_2_468_or_later\api_sdk_package\cloapiinterface\samples\librarywindowimplementation\x64\debug\vc143.pdb
c:\users\йцуке\desktop\clo_sdk_v3_2_2_for_6_2_468_or_later\api_sdk_package\cloapiinterface\samples\librarywindowimplementation\x64\debug\stdafx.obj
c:\users\йцуке\desktop\clo_sdk_v3_2_2_for_6_2_468_or_later\api_sdk_package\cloapiinterface\samples\librarywindowimplementation\x64\debug\apisearchdialogsample.obj
c:\users\йцуке\desktop\clo_sdk_v3_2_2_for_6_2_468_or_later\api_sdk_package\cloapiinterface\samples\librarywindowimplementation\x64\debug\apistorage.obj
c:\users\йцуке\desktop\clo_sdk_v3_2_2_for_6_2_468_or_later\api_sdk_package\cloapiinterface\samples\librarywindowimplementation\x64\debug\apiutility.obj
c:\users\йцуке\desktop\clo_sdk_v3_2_2_for_6_2_468_or_later\api_sdk_package\cloapiinterface\samples\librarywindowimplementation\x64\debug\dllmain.obj
c:\users\йцуке\desktop\clo_sdk_v3_2_2_for_6_2_468_or_later\api_sdk_package\cloapiinterface\samples\librarywindowimplementation\x64\debug\moc_apisearchdialogsample.obj
c:\users\йцуке\desktop\clo_sdk_v3_2_2_for_6_2_468_or_later\api_sdk_package\cloapiinterface\samples\librarywindowimplementation\x64\debug\moc_plmsettingssample.obj
c:\users\йцуке\desktop\clo_sdk_v3_2_2_for_6_2_468_or_later\api_sdk_package\cloapiinterface\samples\librarywindowimplementation\x64\debug\qrc_cloformat.obj
c:\users\йцуке\desktop\clo_sdk_v3_2_2_for_6_2_468_or_later\api_sdk_package\cloapiinterface\samples\librarywindowimplementation\x64\debug\librarywindowimplplugin.obj
c:\users\йцуке\desktop\clo_sdk_v3_2_2_for_6_2_468_or_later\api_sdk_package\cloapiinterface\samples\librarywindowimplementation\x64\debug\apisignindialogsample.obj
c:\users\йцуке\desktop\clo_sdk_v3_2_2_for_6_2_468_or_later\api_sdk_package\cloapiinterface\samples\librarywindowimplementation\x64\debug\plmsettingdatasample.obj
c:\users\йцуке\desktop\clo_sdk_v3_2_2_for_6_2_468_or_later\api_sdk_package\cloapiinterface\samples\librarywindowimplementation\x64\debug\plmsettingssample.obj
c:\users\йцуке\desktop\clo_sdk_v3_2_2_for_6_2_468_or_later\api_sdk_package\cloapiinterface\samples\librarywindowimplementation\x64\debug\moc_apisignindialogsample.obj
c:\users\йцуке\desktop\clo_sdk_v3_2_2_for_6_2_468_or_later\api_sdk_package\cloapiinterface\samples\librarywindowimplementation\generatedfiles\ui_apisignindialogsample.h
c:\users\йцуке\desktop\clo_sdk_v3_2_2_for_6_2_468_or_later\api_sdk_package\cloapiinterface\samples\librarywindowimplementation\generatedfiles\ui_apisearchdialogsample.h
c:\users\йцуке\desktop\clo_sdk_v3_2_2_for_6_2_468_or_later\api_sdk_package\cloapiinterface\samples\librarywindowimplementation\generatedfiles\ui_plmsettingssample.h
c:\users\йцуке\desktop\clo_sdk_v3_2_2_for_6_2_468_or_later\api_sdk_package\cloapiinterface\samples\librarywindowimplementation\generatedfiles\qrc_cloformat.cpp
c:\users\йцуке\desktop\clo_sdk_v3_2_2_for_6_2_468_or_later\api_sdk_package\cloapiinterface\samples\librarywindowimplementation\generatedfiles\moc_apisignindialogsample.cpp
c:\users\йцуке\desktop\clo_sdk_v3_2_2_for_6_2_468_or_later\api_sdk_package\cloapiinterface\samples\librarywindowimplementation\generatedfiles\moc_apisearchdialogsample.cpp
c:\users\йцуке\desktop\clo_sdk_v3_2_2_for_6_2_468_or_later\api_sdk_package\cloapiinterface\samples\librarywindowimplementation\generatedfiles\moc_plmsettingssample.cpp
c:\users\йцуке\desktop\clo_sdk_v3_2_2_for_6_2_468_or_later\api_sdk_package\cloapiinterface\samples\librarywindowimplementation\x64\debug\clolibraryapi_plugind.lib
c:\users\йцуке\desktop\clo_sdk_v3_2_2_for_6_2_468_or_later\api_sdk_package\cloapiinterface\samples\librarywindowimplementation\x64\debug\clolibraryapi_plugind.exp
c:\users\йцуке\desktop\clo_sdk_v3_2_2_for_6_2_468_or_later\api_sdk_package\cloapiinterface\samples\librarywindowimplementation\x64\debug\clolibraryapi_plugind.ilk
c:\users\йцуке\desktop\clo_sdk_v3_2_2_for_6_2_468_or_later\api_sdk_package\cloapiinterface\samples\librarywindowimplementation\x64\debug\clolibraryapi_plugind.dll
c:\users\йцуке\desktop\clo_sdk_v3_2_2_for_6_2_468_or_later\api_sdk_package\cloapiinterface\samples\librarywindowimplementation\x64\debug\clolibraryapi_plugind.pdb
c:\users\йцуке\desktop\clo_sdk_v3_2_2_for_6_2_468_or_later\api_sdk_package\cloapiinterface\samples\librarywindowimplementation\.\generatedfiles\moc_apisignindialogsample.cpp
c:\users\йцуке\desktop\clo_sdk_v3_2_2_for_6_2_468_or_later\api_sdk_package\cloapiinterface\samples\librarywindowimplementation\.\generatedfiles\moc_apisearchdialogsample.cpp
c:\users\йцуке\desktop\clo_sdk_v3_2_2_for_6_2_468_or_later\api_sdk_package\cloapiinterface\samples\librarywindowimplementation\.\generatedfiles\moc_plmsettingssample.cpp
c:\users\йцуке\desktop\clo_sdk_v3_2_2_for_6_2_468_or_later\api_sdk_package\cloapiinterface\samples\librarywindowimplementation\.\generatedfiles\qrc_cloformat.cpp
c:\users\йцуке\desktop\clo_sdk_v3_2_2_for_6_2_468_or_later\api_sdk_package\cloapiinterface\samples\librarywindowimplementation\.\generatedfiles\ui_apisignindialogsample.h
c:\users\йцуке\desktop\clo_sdk_v3_2_2_for_6_2_468_or_later\api_sdk_package\cloapiinterface\samples\librarywindowimplementation\.\generatedfiles\ui_apisearchdialogsample.h
c:\users\йцуке\desktop\clo_sdk_v3_2_2_for_6_2_468_or_later\api_sdk_package\cloapiinterface\samples\librarywindowimplementation\.\generatedfiles\ui_plmsettingssample.h
c:\users\йцуке\desktop\clo_sdk_v3_2_2_for_6_2_468_or_later\api_sdk_package\cloapiinterface\samples\librarywindowimplementation\x64\debug\libraryw.b12702ad.tlog\cl.command.1.tlog
c:\users\йцуке\desktop\clo_sdk_v3_2_2_for_6_2_468_or_later\api_sdk_package\cloapiinterface\samples\librarywindowimplementation\x64\debug\libraryw.b12702ad.tlog\cl.read.1.tlog
c:\users\йцуке\desktop\clo_sdk_v3_2_2_for_6_2_468_or_later\api_sdk_package\cloapiinterface\samples\librarywindowimplementation\x64\debug\libraryw.b12702ad.tlog\cl.write.1.tlog
c:\users\йцуке\desktop\clo_sdk_v3_2_2_for_6_2_468_or_later\api_sdk_package\cloapiinterface\samples\librarywindowimplementation\x64\debug\libraryw.b12702ad.tlog\librarywindowimplementation.write.1u.tlog
c:\users\йцуке\desktop\clo_sdk_v3_2_2_for_6_2_468_or_later\api_sdk_package\cloapiinterface\samples\librarywindowimplementation\x64\debug\libraryw.b12702ad.tlog\link.command.1.tlog
c:\users\йцуке\desktop\clo_sdk_v3_2_2_for_6_2_468_or_later\api_sdk_package\cloapiinterface\samples\librarywindowimplementation\x64\debug\libraryw.b12702ad.tlog\link.read.1.tlog
c:\users\йцуке\desktop\clo_sdk_v3_2_2_for_6_2_468_or_later\api_sdk_package\cloapiinterface\samples\librarywindowimplementation\x64\debug\libraryw.b12702ad.tlog\link.write.1.tlog
c:\users\йцуке\desktop\clo_sdk_v3_2_2_for_6_2_468_or_later\api_sdk_package\cloapiinterface\samples\librarywindowimplementation\x64\debug\libraryw.b12702ad.tlog\moc.read.1u.tlog
c:\users\йцуке\desktop\clo_sdk_v3_2_2_for_6_2_468_or_later\api_sdk_package\cloapiinterface\samples\librarywindowimplementation\x64\debug\libraryw.b12702ad.tlog\moc.write.1u.tlog
c:\users\йцуке\desktop\clo_sdk_v3_2_2_for_6_2_468_or_later\api_sdk_package\cloapiinterface\samples\librarywindowimplementation\x64\debug\libraryw.b12702ad.tlog\rcc.read.1u.tlog
c:\users\йцуке\desktop\clo_sdk_v3_2_2_for_6_2_468_or_later\api_sdk_package\cloapiinterface\samples\librarywindowimplementation\x64\debug\libraryw.b12702ad.tlog\rcc.write.1u.tlog
c:\users\йцуке\desktop\clo_sdk_v3_2_2_for_6_2_468_or_later\api_sdk_package\cloapiinterface\samples\librarywindowimplementation\x64\debug\libraryw.b12702ad.tlog\uic.read.1u.tlog
c:\users\йцуке\desktop\clo_sdk_v3_2_2_for_6_2_468_or_later\api_sdk_package\cloapiinterface\samples\librarywindowimplementation\x64\debug\libraryw.b12702ad.tlog\uic.write.1u.tlog
